[22:44:23] [main/WARN]: Ambiguity between arguments [teleport, location] and [teleport, destination] with inputs: [0.1 -0.5 .9, 0 0 0]
[22:44:23] [main/WARN]: Ambiguity between arguments [teleport, location] and [teleport, targets] with inputs: [0.1 -0.5 .9, 0 0 0]
[22:44:23] [main/WARN]: Ambiguity between arguments [teleport, targets] and [teleport, destination] with inputs: [Player, 0123, dd12be42-52a9-4a91-a8a1-11c01849e498]
[22:44:23] [main/WARN]: Ambiguity between arguments [teleport, targets, location] and [teleport, targets, destination] with inputs: [0.1 -0.5 .9, 0 0 0]
[22:44:27] [Server thread/INFO]: Starting minecraft server version 1.14.4
[22:44:27] [Server thread/INFO]: Loading properties
[22:44:27] [Server thread/INFO]: Default game type: SURVIVAL
[22:44:27] [Server thread/INFO]: Generating keypair
[22:44:28] [Server thread/INFO]: Starting Minecraft server on *:25565
[22:44:28] [Server thread/INFO]: Using default channel type
[22:44:28] [Server thread/WARN]: **** SERVER IS RUNNING IN OFFLINE/INSECURE MODE!
[22:44:28] [Server thread/WARN]: The server will make no attempt to authenticate usernames. Beware.
[22:44:28] [Server thread/WARN]: While this makes the game possible to play without internet access, it also opens up the ability for hackers to connect with any username they choose.
[22:44:28] [Server thread/WARN]: To change this, set "online-mode" to "true" in the server.properties file.
[22:44:28] [Server thread/INFO]: Preparing level "world"
[22:44:29] [Server thread/INFO]: Reloading ResourceManager: Default
[22:44:40] [Server thread/INFO]: Loaded 6 recipes
[22:44:40] [Server thread/INFO]: Loaded 811 advancements
[22:44:40] [Server thread/INFO]: Preparing start region for dimension minecraft:overworld
[22:44:42] [Server thread/INFO]: Preparing spawn area: 0%
[22:44:42] [Server thread/INFO]: Preparing spawn area: 0%
[22:44:42] [Server thread/INFO]: Preparing spawn area: 0%
[22:44:42] [Server thread/INFO]: Preparing spawn area: 0%
[22:44:42] [Server thread/INFO]: Preparing spawn area: 52%
[22:44:42] [Server thread/INFO]: Time elapsed: 2339 ms
[22:44:42] [Server thread/INFO]: Done (13.976s)! For help, type "help"
[22:47:46] [Server thread/INFO]: Necrofreeze[/192.168.0.14:52464] logged in with entity id 188 at (37.17833506702288, 68.0, -419.73656206063544)
[22:47:46] [Server thread/INFO]: Necrofreeze joined the game
[22:48:44] [Server thread/INFO]: Made Necrofreeze a server operator
[22:48:51] [Server thread/INFO]: [Necrofreeze: Set own game mode to Creative Mode]
[22:49:45] [Server thread/WARN]: Necrofreeze moved too quickly! 8.506150402887954,0.0,5.307919877361314
[22:49:45] [Server thread/WARN]: Can't keep up! Is the server overloaded? Running 2732ms or 54 ticks behind
[22:53:03] [Server thread/INFO]: [Necrofreeze: Set the time to 13000]
[22:53:10] [Server thread/INFO]: [Necrofreeze: Set the time to 18000]
[22:59:47] [Server thread/WARN]: Can't keep up! Is the server overloaded? Running 4365ms or 87 ticks behind
[22:59:52] [Server thread/INFO]: Necrofreeze lost connection: Disconnected
[22:59:52] [Server thread/INFO]: Necrofreeze left the game
[22:59:52] [Server thread/WARN]: handleDisconnection() called twice
[23:00:11] [Server thread/WARN]: Can't keep up! Is the server overloaded? Running 2494ms or 49 ticks behind
[23:01:18] [Server thread/INFO]: Nothing changed. The player already is an operator
[23:01:57] [Server thread/INFO]: RichkidRich[/127.0.0.1:57570] logged in with entity id 4892 at (-140.24614318921803, 114.9231167478735, -611.4410138462101)
[23:01:57] [Server thread/INFO]: RichkidRich joined the game
[23:03:00] [Server thread/INFO]: [RichkidRich: Set own game mode to Survival Mode]
[23:03:10] [Server thread/WARN]: Can't keep up! Is the server overloaded? Running 2010ms or 40 ticks behind
[23:03:39] [Server thread/WARN]: Can't keep up! Is the server overloaded? Running 2083ms or 41 ticks behind
[23:04:23] [Server thread/WARN]: Can't keep up! Is the server overloaded? Running 2001ms or 40 ticks behind
[23:05:21] [Server thread/WARN]: Can't keep up! Is the server overloaded? Running 3619ms or 72 ticks behind
[23:09:39] [Server thread/INFO]: [RichkidRich: Set own game mode to Creative Mode]
[23:10:23] [Server thread/WARN]: Can't keep up! Is the server overloaded? Running 2164ms or 43 ticks behind
[23:10:26] [Server thread/INFO]: RichkidRich lost connection: Disconnected
[23:10:26] [Server thread/INFO]: RichkidRich left the game
[23:10:33] [Server thread/INFO]: Stopping the server
[23:10:33] [Server thread/INFO]: Stopping server
[23:10:33] [Server thread/INFO]: Saving players
[23:10:33] [Server thread/INFO]: Saving worlds
[23:10:33] [Server thread/INFO]: Saving chunks for level 'world'/minecraft:the_end
[23:10:33] [Server thread/INFO]: ThreadedAnvilChunkStorage (DIM1): All chunks are saved
[23:10:33] [Server thread/INFO]: Saving chunks for level 'world'/minecraft:overworld
[23:10:34] [Server thread/INFO]: ThreadedAnvilChunkStorage (world): All chunks are saved
[23:10:34] [Server thread/INFO]: Saving chunks for level 'world'/minecraft:the_nether
[23:10:34] [Server thread/INFO]: ThreadedAnvilChunkStorage (DIM-1): All chunks are saved
[23:10:34] [Server thread/INFO]: ThreadedAnvilChunkStorage (DIM1): All chunks are saved
[23:10:34] [Server thread/INFO]: ThreadedAnvilChunkStorage (world): All chunks are saved
[23:10:34] [Server thread/INFO]: ThreadedAnvilChunkStorage (DIM-1): All chunks are saved
