[20:05:35] [main/WARN]: Ambiguity between arguments [teleport, destination] and [teleport, targets] with inputs: [Player, 0123, @e, dd12be42-52a9-4a91-a8a1-11c01849e498]
[20:05:35] [main/WARN]: Ambiguity between arguments [teleport, location] and [teleport, destination] with inputs: [0.1 -0.5 .9, 0 0 0]
[20:05:35] [main/WARN]: Ambiguity between arguments [teleport, location] and [teleport, targets] with inputs: [0.1 -0.5 .9, 0 0 0]
[20:05:35] [main/WARN]: Ambiguity between arguments [teleport, targets] and [teleport, destination] with inputs: [Player, 0123, dd12be42-52a9-4a91-a8a1-11c01849e498]
[20:05:35] [main/WARN]: Ambiguity between arguments [teleport, targets, location] and [teleport, targets, destination] with inputs: [0.1 -0.5 .9, 0 0 0]
[20:05:39] [Server thread/INFO]: Starting minecraft server version 1.14.4
[20:05:39] [Server thread/INFO]: Loading properties
[20:05:39] [Server thread/INFO]: Default game type: SURVIVAL
[20:05:39] [Server thread/INFO]: Generating keypair
[20:05:40] [Server thread/INFO]: Starting Minecraft server on *:25565
[20:05:40] [Server thread/INFO]: Using default channel type
[20:05:41] [Server thread/WARN]: **** SERVER IS RUNNING IN OFFLINE/INSECURE MODE!
[20:05:41] [Server thread/WARN]: The server will make no attempt to authenticate usernames. Beware.
[20:05:41] [Server thread/WARN]: While this makes the game possible to play without internet access, it also opens up the ability for hackers to connect with any username they choose.
[20:05:41] [Server thread/WARN]: To change this, set "online-mode" to "true" in the server.properties file.
[20:05:41] [Server thread/INFO]: Preparing level "world"
[20:05:41] [Server thread/INFO]: Reloading ResourceManager: Default
[20:05:49] [Server thread/INFO]: Loaded 6 recipes
[20:06:04] [Server thread/INFO]: Loaded 811 advancements
[20:06:05] [Server thread/INFO]: Preparing start region for dimension minecraft:overworld
[20:06:12] [Server thread/INFO]: Preparing spawn area: 0%
[20:06:12] [Server thread/INFO]: Preparing spawn area: 0%
[20:06:12] [Server thread/INFO]: Preparing spawn area: 0%
[20:06:12] [Server thread/INFO]: Preparing spawn area: 0%
[20:06:12] [Server thread/INFO]: Preparing spawn area: 0%
[20:06:12] [Server thread/INFO]: Preparing spawn area: 0%
[20:06:12] [Server thread/INFO]: Preparing spawn area: 0%
[20:06:12] [Server thread/INFO]: Preparing spawn area: 0%
[20:06:12] [Server thread/INFO]: Preparing spawn area: 0%
[20:06:12] [Server thread/INFO]: Preparing spawn area: 0%
[20:06:12] [Server thread/INFO]: Preparing spawn area: 0%
[20:06:12] [Server thread/INFO]: Preparing spawn area: 0%
[20:06:12] [Server thread/INFO]: Preparing spawn area: 0%
[20:06:12] [Server thread/INFO]: Preparing spawn area: 0%
[20:06:12] [Server thread/INFO]: Preparing spawn area: 0%
[20:06:13] [Server thread/INFO]: Preparing spawn area: 26%
[20:06:13] [Server thread/INFO]: Preparing spawn area: 55%
[20:06:19] [Server-Worker-3/INFO]: Preparing spawn area: 83%
[20:06:19] [Server-Worker-2/INFO]: Preparing spawn area: 83%
[20:06:19] [Server-Worker-2/INFO]: Preparing spawn area: 83%
[20:06:19] [Server-Worker-2/INFO]: Preparing spawn area: 83%
[20:06:19] [Server-Worker-2/INFO]: Preparing spawn area: 83%
[20:06:19] [Server-Worker-2/INFO]: Preparing spawn area: 83%
[20:06:19] [Server-Worker-2/INFO]: Preparing spawn area: 83%
[20:06:19] [Server-Worker-2/INFO]: Preparing spawn area: 83%
[20:06:19] [Server-Worker-1/INFO]: Preparing spawn area: 83%
[20:06:19] [Server-Worker-1/INFO]: Preparing spawn area: 83%
[20:06:19] [Server-Worker-1/INFO]: Preparing spawn area: 83%
[20:06:20] [Server-Worker-2/INFO]: Preparing spawn area: 83%
[20:06:20] [Server-Worker-3/INFO]: Preparing spawn area: 83%
[20:06:20] [Server-Worker-1/INFO]: Preparing spawn area: 83%
[20:06:20] [Server-Worker-1/INFO]: Preparing spawn area: 83%
[20:06:21] [Server-Worker-3/INFO]: Preparing spawn area: 83%
[20:06:21] [Server-Worker-2/INFO]: Preparing spawn area: 83%
[20:06:22] [Server-Worker-3/INFO]: Preparing spawn area: 83%
[20:06:22] [Server-Worker-2/INFO]: Preparing spawn area: 83%
[20:06:23] [Server-Worker-2/INFO]: Preparing spawn area: 84%
[20:06:23] [Server-Worker-2/INFO]: Preparing spawn area: 85%
[20:06:24] [Server thread/INFO]: Preparing spawn area: 88%
[20:06:24] [Server-Worker-2/INFO]: Preparing spawn area: 88%
[20:06:25] [Server-Worker-3/INFO]: Preparing spawn area: 91%
[20:06:25] [Server-Worker-2/INFO]: Preparing spawn area: 93%
[20:06:26] [Server-Worker-2/INFO]: Preparing spawn area: 95%
[20:06:26] [Server-Worker-3/INFO]: Preparing spawn area: 99%
[20:06:27] [Server thread/INFO]: Time elapsed: 21691 ms
[20:06:27] [Server thread/INFO]: Done (45.956s)! For help, type "help"
[20:08:03] [Server thread/INFO]: RichkidRich[/127.0.0.1:52199] logged in with entity id 184 at (186.5, 70.0, -132.5)
[20:08:03] [Server thread/INFO]: RichkidRich joined the game
[20:08:48] [Server thread/INFO]: RichkidRich lost connection: Disconnected
[20:08:48] [Server thread/INFO]: RichkidRich left the game
[20:11:29] [Server thread/INFO]: Necrofreeze[/192.168.0.15:64756] logged in with entity id 328 at (178.5, 64.0, -133.5)
[20:11:29] [Server thread/INFO]: Necrofreeze joined the game
[20:11:30] [Server thread/INFO]: RichkidRich[/192.168.0.18:52279] logged in with entity id 335 at (186.5, 70.0, -132.5)
[20:11:30] [Server thread/INFO]: RichkidRich joined the game
[20:11:33] [Server thread/INFO]: <Necrofreeze> there we go
[20:11:43] [Server thread/INFO]: <RichkidRich> indeed
[20:11:55] [Server thread/WARN]: Can't keep up! Is the server overloaded? Running 2073ms or 41 ticks behind
[20:12:04] [Server thread/INFO]: <Necrofreeze> whats the difficulty set to?
[20:12:13] [Server thread/INFO]: <RichkidRich> normal
[20:12:16] [Server thread/WARN]: Can't keep up! Is the server overloaded? Running 5878ms or 117 ticks behind
[20:12:17] [Server thread/INFO]: <Necrofreeze> ok
[20:12:40] [Server thread/INFO]: <Necrofreeze> shit is lagging for me again
[20:12:47] [Server thread/WARN]: Can't keep up! Is the server overloaded? Running 16208ms or 324 ticks behind
[20:13:06] [Server thread/WARN]: Can't keep up! Is the server overloaded? Running 4346ms or 86 ticks behind
[20:13:08] [Server thread/INFO]: <Necrofreeze> why is already sunset wtf
[20:13:21] [Server thread/INFO]: <RichkidRich> what about now
[20:13:25] [Server thread/WARN]: Can't keep up! Is the server overloaded? Running 4161ms or 83 ticks behind
[20:13:27] [Server thread/INFO]: <Necrofreeze> yeah not anymore
[20:13:37] [Server thread/INFO]: Made RichkidRich a server operator
[20:13:39] [Server thread/INFO]: Necrofreeze has made the advancement [Stone Age]
[20:13:43] [Server thread/INFO]: [RichkidRich: Set the time to 1000]
[20:13:43] [Server thread/INFO]: <Necrofreeze> actually nvm
[20:13:47] [Server thread/INFO]: <RichkidRich> cause we took a long time to start
[20:13:48] [Server thread/INFO]: <Necrofreeze> the blocks are lagging again
[20:13:49] [Server thread/WARN]: Can't keep up! Is the server overloaded? Running 8838ms or 176 ticks behind
[20:13:56] [Server thread/INFO]: <RichkidRich> so the server ran like 10 mins of day time before we started
[20:14:08] [Server thread/WARN]: Can't keep up! Is the server overloaded? Running 4276ms or 85 ticks behind
[20:14:25] [Server thread/INFO]: Necrofreeze has made the advancement [Getting an Upgrade]
[20:14:43] [Server thread/INFO]: RichkidRich has made the advancement [Stone Age]
[20:15:04] [Server thread/WARN]: Can't keep up! Is the server overloaded? Running 2010ms or 40 ticks behind
[20:15:15] [Server thread/INFO]: RichkidRich has made the advancement [Getting an Upgrade]
[20:15:20] [Server thread/INFO]: <Necrofreeze> man there's a cave here
[20:15:54] [Server thread/INFO]: <RichkidRich> oh im here haha
[20:16:45] [Server thread/INFO]: <Necrofreeze> found iron
[20:16:47] [Server thread/INFO]: <Necrofreeze> and a shit ton of coal
[20:16:50] [Server thread/INFO]: <RichkidRich> same im smelting right now haha
[20:17:17] [Server thread/WARN]: Can't keep up! Is the server overloaded? Running 2796ms or 55 ticks behind
[20:18:41] [Server thread/INFO]: <RichkidRich> oh hello
[20:18:48] [Server thread/INFO]: <Necrofreeze> ni hao
[20:19:13] [Server thread/INFO]: RichkidRich has made the advancement [Acquire Hardware]
[20:19:20] [Server thread/INFO]: Necrofreeze has made the advancement [Acquire Hardware]
[20:19:31] [Server thread/INFO]: RichkidRich has made the advancement [Isn't It Iron Pick]
[20:19:36] [Server thread/INFO]: <RichkidRich> we should build a hselter
[20:20:05] [Server thread/INFO]: Necrofreeze has made the advancement [Isn't It Iron Pick]
[20:20:34] [Server thread/INFO]: <Necrofreeze> would you like to make our base?
[20:20:57] [Server thread/INFO]: <RichkidRich> sure
[20:22:13] [Server thread/WARN]: Can't keep up! Is the server overloaded? Running 2002ms or 40 ticks behind
[20:22:25] [Server thread/WARN]: RichkidRich moved too quickly! -2.368775165845136,1.7539862017387549,-9.630570255340345
[20:22:35] [Server thread/WARN]: Can't keep up! Is the server overloaded? Running 7162ms or 143 ticks behind
[20:22:53] [Server thread/WARN]: Can't keep up! Is the server overloaded? Running 2854ms or 57 ticks behind
[20:22:55] [Server thread/INFO]: <Necrofreeze> ive lost you
[20:22:59] [Server thread/INFO]: <Necrofreeze> what are your coordinates?
[20:23:27] [Server thread/INFO]: <RichkidRich> i havent built it yet
[20:23:29] [Server thread/INFO]: <RichkidRich> im at the furnace
[20:23:35] [Server thread/INFO]: <Necrofreeze> yea idk where that is
[20:23:35] [Server thread/INFO]: <RichkidRich> im just going to set the time to day
[20:23:36] [Server thread/INFO]: <Necrofreeze> haha
[20:23:38] [Server thread/INFO]: <Necrofreeze> I roamed too far
[20:23:44] [Server thread/INFO]: <RichkidRich> since were only going to wait for the time to be day anyways
[20:23:47] [Server thread/INFO]: [RichkidRich: Set the time to 1000]
[20:24:38] [Server thread/INFO]: <RichkidRich> ur not that far haha
[20:25:10] [Server thread/INFO]: <Necrofreeze> lol we never checked down here
[20:25:22] [Server thread/INFO]: Necrofreeze has made the advancement [Monster Hunter]
[20:27:34] [Server thread/WARN]: Can't keep up! Is the server overloaded? Running 4916ms or 98 ticks behind
[20:32:24] [Server thread/INFO]: <Necrofreeze> where are you laddie
[20:32:36] [Server thread/INFO]: <RichkidRich> in the forest
[20:32:36] [Server thread/WARN]: Necrofreeze moved too quickly! -4.623150806783997,0.0,8.987746678660484
[20:32:36] [Server thread/WARN]: Can't keep up! Is the server overloaded? Running 2484ms or 49 ticks behind
[20:33:14] [Server thread/INFO]: <RichkidRich> do you have food
[20:33:17] [Server thread/INFO]: <Necrofreeze> yeah
[20:33:47] [Server thread/WARN]: Can't keep up! Is the server overloaded? Running 2022ms or 40 ticks behind
[20:34:08] [Server thread/WARN]: Can't keep up! Is the server overloaded? Running 2017ms or 40 ticks behind
[20:34:27] [Server thread/WARN]: Can't keep up! Is the server overloaded? Running 4212ms or 84 ticks behind
[20:34:32] [Server thread/INFO]: <Necrofreeze> give me your coordinates
[20:34:52] [Server thread/WARN]: Can't keep up! Is the server overloaded? Running 2010ms or 40 ticks behind
[20:34:59] [Server thread/INFO]: <RichkidRich> 338 67 -94
[20:35:09] [Server thread/WARN]: Can't keep up! Is the server overloaded? Running 2096ms or 41 ticks behind
[20:36:49] [Server thread/INFO]: <RichkidRich> give me food
[20:37:01] [Server thread/INFO]: <RichkidRich> arigatou
[20:37:25] [Server thread/INFO]: <Necrofreeze> tasty rotten flesh
[20:37:53] [Server thread/WARN]: Can't keep up! Is the server overloaded? Running 4400ms or 88 ticks behind
[20:38:54] [Server thread/INFO]: RichkidRich has made the advancement [Sweet Dreams]
[20:38:57] [Server thread/INFO]: <RichkidRich> sleep
[20:38:57] [Server thread/INFO]: Necrofreeze has made the advancement [Sweet Dreams]
[20:39:11] [Server thread/INFO]: <Necrofreeze> oh shit lol
[20:39:19] [Server thread/INFO]: RichkidRich has made the advancement [Monster Hunter]
[20:39:38] [Server thread/INFO]: <Necrofreeze> what zombies are those lol
[20:39:41] [Server thread/INFO]: <RichkidRich> desert ones
[20:39:44] [Server thread/INFO]: <RichkidRich> hella hard hits
[20:39:48] [Server thread/INFO]: <Necrofreeze> oh lol
[20:40:43] [Server thread/WARN]: Can't keep up! Is the server overloaded? Running 2068ms or 41 ticks behind
[20:41:00] [Server thread/INFO]: <RichkidRich> im tryna find sugar cane
[20:41:06] [Server thread/WARN]: Can't keep up! Is the server overloaded? Running 8129ms or 162 ticks behind
[20:41:09] [Server thread/INFO]: <Necrofreeze> i have some
[20:41:11] [Server thread/INFO]: <Necrofreeze> in the chest at home
[20:41:28] [Server thread/WARN]: Can't keep up! Is the server overloaded? Running 7340ms or 146 ticks behind
[20:41:52] [Server thread/WARN]: Can't keep up! Is the server overloaded? Running 9087ms or 181 ticks behind
[20:42:12] [Server thread/WARN]: Can't keep up! Is the server overloaded? Running 5273ms or 105 ticks behind
[20:42:33] [Server thread/WARN]: Can't keep up! Is the server overloaded? Running 5624ms or 112 ticks behind
[20:42:57] [Server thread/WARN]: Can't keep up! Is the server overloaded? Running 2063ms or 41 ticks behind
[20:43:38] [Server thread/WARN]: Necrofreeze moved too quickly! -1.7635262683294286,-4.766367993957516,-8.65961680224865
[20:43:38] [Server thread/WARN]: Can't keep up! Is the server overloaded? Running 5359ms or 107 ticks behind
[20:44:10] [Server thread/INFO]: <Necrofreeze> oh shit I found a village lol
[20:44:18] [Server thread/WARN]: Can't keep up! Is the server overloaded? Running 2057ms or 41 ticks behind
[20:44:26] [Server thread/INFO]: <RichkidRich> sand?
[20:44:28] [Server thread/INFO]: <Necrofreeze> yeah
[20:44:36] [Server thread/WARN]: Can't keep up! Is the server overloaded? Running 3034ms or 60 ticks behind
[20:44:39] [Server thread/INFO]: <RichkidRich> is there a cartographer table
[20:44:43] [Server thread/INFO]: <RichkidRich> or a cartographer
[20:44:51] [Server thread/INFO]: <Necrofreeze> umm
[20:44:54] [Server thread/WARN]: Can't keep up! Is the server overloaded? Running 2003ms or 40 ticks behind
[20:45:12] [Server thread/WARN]: Can't keep up! Is the server overloaded? Running 2553ms or 51 ticks behind
[20:45:29] [Server thread/WARN]: Can't keep up! Is the server overloaded? Running 2482ms or 49 ticks behind
[20:45:47] [Server thread/WARN]: Can't keep up! Is the server overloaded? Running 2708ms or 54 ticks behind
[20:46:20] [Server thread/INFO]: <Necrofreeze> i found bookcases
[20:46:24] [Server thread/INFO]: <RichkidRich> take it
[20:46:53] [Server thread/INFO]: Necrofreeze has made the advancement [What a Deal!]
[20:47:24] [Server thread/INFO]: <Necrofreeze> I got some emeralds
[20:47:31] [Server thread/INFO]: <Necrofreeze> traded wheat for emeralds
[20:48:09] [Server thread/WARN]: Can't keep up! Is the server overloaded? Running 2011ms or 40 ticks behind
[20:49:01] [Server thread/WARN]: Can't keep up! Is the server overloaded? Running 6539ms or 130 ticks behind
[20:49:49] [Server thread/WARN]: Can't keep up! Is the server overloaded? Running 2009ms or 40 ticks behind
[20:50:09] [Server thread/WARN]: Can't keep up! Is the server overloaded? Running 4529ms or 90 ticks behind
[20:50:29] [Server thread/WARN]: Can't keep up! Is the server overloaded? Running 5045ms or 100 ticks behind
[20:50:48] [Server thread/WARN]: Can't keep up! Is the server overloaded? Running 4300ms or 86 ticks behind
[20:51:08] [Server thread/WARN]: Can't keep up! Is the server overloaded? Running 4785ms or 95 ticks behind
[20:51:28] [Server thread/WARN]: Can't keep up! Is the server overloaded? Running 4777ms or 95 ticks behind
[20:51:45] [Server thread/WARN]: Can't keep up! Is the server overloaded? Running 2669ms or 53 ticks behind
[20:52:15] [Server thread/WARN]: Can't keep up! Is the server overloaded? Running 2061ms or 41 ticks behind
[20:52:30] [Server thread/INFO]: RichkidRich has made the advancement [Not Today, Thank You]
[20:54:35] [Server thread/WARN]: Can't keep up! Is the server overloaded? Running 3728ms or 74 ticks behind
[20:55:10] [Server thread/INFO]: RichkidRich was blown up by Creeper
[20:55:13] [Server thread/INFO]: <RichkidRich> shit
[20:55:16] [Server thread/INFO]: <Necrofreeze> hahahahaah wtf
[20:55:22] [Server thread/INFO]: Necrofreeze has made the advancement [Suit Up]
[20:55:52] [Server thread/INFO]: <RichkidRich> i was waging war
[20:55:55] [Server thread/INFO]: <RichkidRich> and then perished
[20:56:07] [Server thread/INFO]: <Necrofreeze> cmon then
[20:56:17] [Server thread/INFO]: <RichkidRich> you should get a shield
[20:56:29] [Server thread/INFO]: <Necrofreeze> how do I craft one?
[20:56:37] [Server thread/INFO]: RichkidRich has made the advancement [Suit Up]
[20:57:00] [Server thread/INFO]: <Necrofreeze> thanks
[20:57:01] [Server thread/INFO]: <RichkidRich> do you have iron
[20:57:05] [Server thread/INFO]: <Necrofreeze> yeah in the chest
[20:57:11] [Server thread/INFO]: <RichkidRich> do you hyave more
[20:57:13] [Server thread/INFO]: <Necrofreeze> how do I use the shield
[20:57:14] [Server thread/INFO]: <RichkidRich> there was only 4 haha
[20:57:15] [Server thread/INFO]: <Necrofreeze> nope
[20:57:18] [Server thread/INFO]: <Necrofreeze> gotta find more
[20:57:25] [Server thread/INFO]: <Necrofreeze> how do I use the shield?
[20:58:38] [Server thread/INFO]: <RichkidRich> jesus i cant see shit
[20:58:41] [Server thread/INFO]: <RichkidRich> its raining so hard
[20:59:20] [Server thread/INFO]: <Necrofreeze> dude how do I use the shield
[20:59:24] [Server thread/INFO]: <RichkidRich> right click
[20:59:46] [Server thread/INFO]: <Necrofreeze> how do I put it in my left hand
[20:59:49] [Server thread/INFO]: <RichkidRich> f
[20:59:53] [Server thread/INFO]: <RichkidRich> or drag
[20:59:54] [Server thread/INFO]: <Necrofreeze> ah all good
[21:00:08] [Server thread/INFO]: <RichkidRich> shield is op
[21:00:28] [Server thread/INFO]: Necrofreeze has made the advancement [Not Today, Thank You]
[21:01:21] [Server thread/INFO]: <Necrofreeze> how do I get rid of the shield
[21:01:29] [Server thread/INFO]: <RichkidRich> e and drag
[21:02:23] [Server thread/INFO]: <Necrofreeze> you know if a skeleton shoots a creeper to death it drops a disc
[21:02:28] [Server thread/INFO]: <Necrofreeze> i was trying to do that
[21:02:37] [Server thread/INFO]: <Necrofreeze> lol
[21:02:44] [Server thread/INFO]: <RichkidRich> oh what thats cool
[21:02:46] [Server thread/INFO]: <RichkidRich> did ytou get one
[21:04:20] [Server thread/INFO]: <Necrofreeze> oh you actually do get rabbit meat
[21:04:27] [Server thread/INFO]: <RichkidRich> yeah i cooked some
[21:04:38] [Server thread/INFO]: <Necrofreeze> delicious
[21:04:38] [Server thread/WARN]: Can't keep up! Is the server overloaded? Running 3446ms or 68 ticks behind
[21:06:01] [Server thread/INFO]: <Necrofreeze> wtf what's rabbit's foot?
[21:06:23] [Server thread/INFO]: <RichkidRich> idk haha
[21:08:36] [Server thread/INFO]: <Necrofreeze> man I feel like playing a bit of hypixerl
[21:09:00] [Server thread/INFO]: <RichkidRich> hypixel is so bullshit though
[21:09:03] [Server thread/INFO]: <Necrofreeze> xDDD
[21:09:08] [Server thread/INFO]: <Necrofreeze> I just wanna kill some wankers
[21:09:16] [Server thread/INFO]: <Necrofreeze> and rage at them when I die
[21:09:38] [Server thread/INFO]: <Necrofreeze> I shall go slay some folks and return
[21:09:41] [Server thread/WARN]: Can't keep up! Is the server overloaded? Running 2401ms or 48 ticks behind
[21:10:02] [Server thread/INFO]: <RichkidRich> jesus i almost died
[21:10:07] [Server thread/INFO]: <RichkidRich> i found a place for diamonds
[21:10:21] [Server thread/INFO]: <Necrofreeze> where are you?
[21:10:27] [Server thread/INFO]: <RichkidRich> in a cave
[21:10:37] [Server thread/INFO]: <Necrofreeze> give me your coordinates and I'll come join
[21:11:37] [Server thread/INFO]: <Necrofreeze> give me your coorindates
[21:11:51] [Server thread/INFO]: <RichkidRich> 310 43 121
[21:14:43] [Server thread/WARN]: Can't keep up! Is the server overloaded? Running 2679ms or 53 ticks behind
[21:15:24] [Server thread/INFO]: <Necrofreeze> found ya
[21:15:28] [Server thread/INFO]: <RichkidRich> nice
[21:15:37] [Server thread/INFO]: <RichkidRich> im working on getting down haha
[21:15:38] [Server thread/INFO]: <Necrofreeze> damn
[21:16:22] [Server thread/INFO]: <RichkidRich> what happened tyo you haha
[21:16:30] [Server thread/INFO]: <Necrofreeze> wdym?
[21:16:36] [Server thread/INFO]: <RichkidRich> youre bubbling
[21:16:42] [Server thread/INFO]: <Necrofreeze> oh yea I ate rotten flesh lol
[21:16:51] [Server thread/INFO]: <RichkidRich> ohhhh
[21:17:36] [Server thread/INFO]: <Necrofreeze> where did I get shot from wtf
[21:18:42] [Server thread/INFO]: <Necrofreeze> I need more armour
[21:19:09] [Server thread/INFO]: <Necrofreeze> nice gold
[21:22:13] [Server thread/INFO]: Necrofreeze was blown up by Creeper
[21:22:18] [Server thread/INFO]: <RichkidRich> oh shit
[21:22:18] [Server thread/INFO]: <Necrofreeze> fuck lma
[21:22:20] [Server thread/INFO]: <Necrofreeze> lmao
[21:22:23] [Server thread/INFO]: <Necrofreeze> pick up my stuff
[21:22:27] [Server thread/INFO]: <Necrofreeze> there was a fucking creeper behind me
[21:22:29] [Server thread/INFO]: <RichkidRich> where were you
[21:22:32] [Server thread/INFO]: <Necrofreeze> ahead of you
[21:22:38] [Server thread/INFO]: <Necrofreeze> just keep going forward and you should see my stuff
[21:22:55] [Server thread/INFO]: <Necrofreeze> im coming back
[21:22:58] [Server thread/INFO]: <Necrofreeze> with fuck all
[21:23:02] [Server thread/INFO]: [RichkidRich: Teleported Necrofreeze to RichkidRich]
[21:23:04] [Server thread/INFO]: <Necrofreeze> oh lmao
[21:23:05] [Server thread/INFO]: <Necrofreeze> hahahahaha
[21:23:13] [Server thread/INFO]: <RichkidRich> i aint waiting lmao
[21:23:32] [Server thread/INFO]: <RichkidRich> BRUH
[21:24:46] [Server thread/WARN]: Can't keep up! Is the server overloaded? Running 2713ms or 54 ticks behind
[21:28:26] [Server thread/WARN]: Can't keep up! Is the server overloaded? Running 2113ms or 42 ticks behind
[21:28:48] [Server thread/WARN]: Can't keep up! Is the server overloaded? Running 7010ms or 140 ticks behind
[21:29:58] [Server thread/WARN]: Can't keep up! Is the server overloaded? Running 3078ms or 61 ticks behind
[21:30:58] [Server thread/INFO]: <Necrofreeze> found diamonds yet?
[21:31:01] [Server thread/INFO]: <RichkidRich> nope
[21:31:31] [Server thread/INFO]: <Necrofreeze> fuck
[21:31:31] [Server thread/INFO]: <RichkidRich> FUCK
[21:31:48] [Server thread/INFO]: <Necrofreeze> you wouldve probably died if I hadn't swooped in at the last second lmao
[21:31:59] [Server thread/INFO]: <RichkidRich> yeah i saw it but i was stuck on the options menu
[21:32:04] [Server thread/INFO]: <RichkidRich> and then i could get the shield out hahaha
[21:32:14] [Server thread/INFO]: <Necrofreeze> I need a bow
[21:32:19] [Server thread/INFO]: <Necrofreeze> the skeletons are a nightmare to deal with
[21:32:57] [Server thread/INFO]: <RichkidRich> FUCK THEY RUN
[21:33:02] [Server thread/INFO]: <RichkidRich> help i need food
[21:33:06] [Server thread/INFO]: <Necrofreeze> where are you
[21:33:08] [Server thread/INFO]: <RichkidRich> half a heart here
[21:33:15] [Server thread/INFO]: <RichkidRich> come back
[21:33:18] [Server thread/INFO]: <RichkidRich> to the creeper
[21:33:24] [Server thread/INFO]: <RichkidRich> wrong way
[21:33:26] [Server thread/INFO]: <RichkidRich> behind you
[21:33:33] [Server thread/INFO]: RichkidRich hit the ground too hard
[21:33:36] [Server thread/INFO]: <Necrofreeze> wtf
[21:33:41] [Server thread/INFO]: <Necrofreeze> just tp back to me
[21:33:41] [Server thread/INFO]: [RichkidRich: Teleported RichkidRich to Necrofreeze]
[21:33:45] [Server thread/INFO]: <Necrofreeze> lmao
[21:33:51] [Server thread/INFO]: <Necrofreeze> where tf were ytou
[21:34:33] [Server thread/INFO]: <RichkidRich> the skeletons run wtf
[21:34:36] [Server thread/INFO]: <Necrofreeze> I need a bow desperately
[21:34:48] [Server thread/INFO]: <Necrofreeze> do we have strings>
[21:34:49] [Server thread/INFO]: <Necrofreeze> ?
[21:34:52] [Server thread/INFO]: <RichkidRich> in the chest theres 2
[21:35:02] [Server thread/INFO]: <Necrofreeze> I need 3
[21:35:02] [Server thread/WARN]: Can't keep up! Is the server overloaded? Running 3850ms or 77 ticks behind
[21:35:10] [Server thread/INFO]: <Necrofreeze> why are there no spiders when you need them
[21:35:14] [Server thread/INFO]: <RichkidRich> kill another spider i guess haha
[21:38:05] [Server thread/INFO]: <Necrofreeze> have you cleared out this area?
[21:38:13] [Server thread/INFO]: <RichkidRich> theres lots of little caverns
[21:38:17] [Server thread/INFO]: <RichkidRich> so im checking them out
[21:38:20] [Server thread/INFO]: <Necrofreeze> ok
[21:38:34] [Server thread/INFO]: <Necrofreeze> how have we not found diamonds down here
[21:39:11] [Server thread/INFO]: <RichkidRich> im sure theyre here
[21:40:04] [Server thread/WARN]: Can't keep up! Is the server overloaded? Running 2214ms or 44 ticks behind
[21:44:34] [Server thread/INFO]: <RichkidRich> legit im finiding nothing
[21:44:38] [Server thread/INFO]: <Necrofreeze> same
[21:45:07] [Server thread/WARN]: Can't keep up! Is the server overloaded? Running 2395ms or 47 ticks behind
[21:45:24] [Server thread/INFO]: <RichkidRich> hold up whered you get the slime from
[21:47:04] [Server thread/WARN]: Can't keep up! Is the server overloaded? Running 2013ms or 40 ticks behind
[21:47:25] [Server thread/WARN]: Can't keep up! Is the server overloaded? Running 6883ms or 137 ticks behind
[21:47:52] [Server thread/INFO]: <Necrofreeze> need food
[21:47:53] [Server thread/INFO]: <RichkidRich> what happened i could hear you from here hahahaha
[21:48:03] [Server thread/INFO]: <Necrofreeze> I was trying to get a disc
[21:48:07] [Server thread/INFO]: <Necrofreeze> but the creeper exploded in the end
[21:48:12] [Server thread/INFO]: <Necrofreeze> it was one shot away
[21:49:58] [Server thread/INFO]: <Necrofreeze> shall we depart from this place"
[21:50:00] [Server thread/INFO]: <Necrofreeze> ?
[21:50:10] [Server thread/INFO]: <RichkidRich> you may
[21:50:14] [Server thread/INFO]: <RichkidRich> and then i can teleport back to you
[21:50:18] [Server thread/WARN]: Can't keep up! Is the server overloaded? Running 2595ms or 51 ticks behind
[21:50:40] [Server thread/INFO]: <Necrofreeze> got a bow finally
[21:50:55] [Server thread/INFO]: <RichkidRich> get paper
[21:50:57] [Server thread/INFO]: <RichkidRich> so we can enchant
[21:51:06] [Server thread/INFO]: <Necrofreeze> from sugar canes right?
[21:51:09] [Server thread/INFO]: <RichkidRich> yeah
[21:51:13] [Server thread/INFO]: <RichkidRich> YES
[21:51:20] [Server thread/INFO]: RichkidRich has made the advancement [Diamonds!]
[21:51:24] [Server thread/INFO]: <Necrofreeze> oh shitttttt
[21:51:26] [Server thread/INFO]: <Necrofreeze> there we fucking go
[21:51:29] [Server thread/INFO]: <Necrofreeze> how many did you find?
[21:51:33] [Server thread/INFO]: <RichkidRich> HOLY FUCK I ALMOST DIED
[21:51:37] [Server thread/INFO]: <RichkidRich> LAVA BEHIND THE DIAMOND
[21:51:40] [Server thread/INFO]: <RichkidRich> EVIL FUCKERS
[21:51:43] [Server thread/INFO]: <Necrofreeze> hahahhah
[21:51:45] [Server thread/INFO]: <Necrofreeze> how many pieces?
[21:51:50] [Server thread/INFO]: <RichkidRich> theres 8 i think
[21:51:55] [Server thread/INFO]: <RichkidRich> but im scared to get the rest lmao
[21:51:56] [Server thread/INFO]: <Necrofreeze> damn thats quite lucky
[21:51:58] [Server thread/INFO]: <RichkidRich> gonna do this sloly
[21:52:06] [Server thread/INFO]: Necrofreeze has made the advancement [Take Aim]
[21:52:18] [Server thread/INFO]: <Necrofreeze> imma head up first
[21:52:29] [Server thread/INFO]: <RichkidRich> 6 diamonds
[21:52:32] [Server thread/INFO]: <RichkidRich> yeah do up first
[21:52:33] [Server thread/INFO]: <Necrofreeze> not bad
[21:52:35] [Server thread/INFO]: <RichkidRich> and ill tp to you
[21:52:43] [Server thread/WARN]: Fetching packet for removed entity atx['Sandstone'/20137, l='world', x=261.88, y=61.28, z=138.44]
[21:52:55] [Server thread/INFO]: <Necrofreeze> fuck its night outside
[21:53:08] [Server thread/WARN]: Fetching packet for removed entity atx['Cobblestone'/20208, l='world', x=275.90, y=5.00, z=207.73]
[21:55:20] [Server thread/WARN]: Can't keep up! Is the server overloaded? Running 2531ms or 50 ticks behind
[21:56:28] [Server thread/INFO]: <RichkidRich> jesus the thuinder
[21:56:30] [Server thread/INFO]: <Necrofreeze> yeah
[21:56:55] [Server thread/WARN]: Can't keep up! Is the server overloaded? Running 2019ms or 40 ticks behind
[21:57:12] [Server thread/WARN]: Can't keep up! Is the server overloaded? Running 2397ms or 47 ticks behind
[21:58:07] [Server thread/INFO]: <RichkidRich> tell me when youre back
[21:58:11] [Server thread/WARN]: Can't keep up! Is the server overloaded? Running 2016ms or 40 ticks behind
[21:58:17] [Server thread/INFO]: <Necrofreeze> im back
[21:58:20] [Server thread/INFO]: <RichkidRich> aight
[21:58:42] [Server thread/INFO]: Necrofreeze was blown up by Creeper
[21:58:46] [Server thread/INFO]: <Necrofreeze> shit
[21:58:47] [Server thread/INFO]: <RichkidRich> oh
[22:00:24] [Server thread/INFO]: <RichkidRich> im trying to find the chest i put the diamonds in
[22:00:31] [Server thread/WARN]: Can't keep up! Is the server overloaded? Running 4092ms or 81 ticks behind
[22:01:10] [Server thread/INFO]: [RichkidRich: Teleported RichkidRich to Necrofreeze]
[22:01:10] [Server thread/WARN]: Can't keep up! Is the server overloaded? Running 2050ms or 41 ticks behind
[22:01:16] [Server thread/INFO]: <Necrofreeze> dont kill that creeper
[22:01:26] [Server thread/INFO]: <Necrofreeze> fuckkkkkkk
[22:01:27] [Server thread/INFO]: <Necrofreeze> wtf
[22:02:03] [Server thread/INFO]: <RichkidRich> aight diamonds safely back hahahahaa
[22:02:23] [Server thread/INFO]: <Necrofreeze> why is it so hard to get a skeleton to kill a creeper
[22:03:35] [Server thread/INFO]: <RichkidRich> im going to try to enchant shite
[22:03:39] [Server thread/INFO]: <RichkidRich> once we get enough book
[22:04:28] [Server thread/INFO]: <Necrofreeze> should we make a diamond pickaxe?
[22:04:32] [Server thread/INFO]: <RichkidRich> i made one
[22:04:35] [Server thread/INFO]: <Necrofreeze> oh okay
[22:04:37] [Server thread/INFO]: <RichkidRich> but i want to enchant before we use
[22:04:43] [Server thread/INFO]: <Necrofreeze> so you already got obsidian
[22:04:48] [Server thread/INFO]: <RichkidRich> no not yet
[22:04:53] [Server thread/INFO]: <RichkidRich> i didnt want to die haha
[22:04:59] [Server thread/INFO]: <Necrofreeze> don't we need obsidian to make an enchantment table?
[22:05:00] [Server thread/INFO]: <RichkidRich> cause i had a shite tonne of other stuff too
[22:05:08] [Server thread/INFO]: <RichkidRich> yeah we do but obisidan isnt hard to get
[22:05:15] [Server thread/INFO]: <RichkidRich> we need all those books first haha
[22:05:17] [Server thread/INFO]: <Necrofreeze> righto
[22:05:36] [Server thread/WARN]: Can't keep up! Is the server overloaded? Running 3419ms or 68 ticks behind
[22:06:01] [Server thread/INFO]: [RichkidRich: Gamerule randomTickSpeed is now set to: 1000]
[22:06:07] [Server thread/WARN]: Can't keep up! Is the server overloaded? Running 2015ms or 40 ticks behind
[22:06:10] [Server thread/INFO]: [RichkidRich: Gamerule randomTickSpeed is now set to: 1]
[22:06:51] [Server thread/INFO]: [RichkidRich: Gamerule randomTickSpeed is now set to: 1000]
[22:06:56] [Server thread/WARN]: Can't keep up! Is the server overloaded? Running 2008ms or 40 ticks behind
[22:07:07] [Server thread/INFO]: [RichkidRich: Gamerule randomTickSpeed is now set to: 1]
[22:07:21] [Server thread/INFO]: [RichkidRich: Gamerule randomTickSpeed is now set to: 1000]
[22:07:25] [Server thread/WARN]: Can't keep up! Is the server overloaded? Running 2018ms or 40 ticks behind
[22:07:53] [Server thread/WARN]: Can't keep up! Is the server overloaded? Running 13726ms or 274 ticks behind
[22:08:24] [Server thread/WARN]: Can't keep up! Is the server overloaded? Running 15394ms or 307 ticks behind
[22:08:56] [Server thread/WARN]: Can't keep up! Is the server overloaded? Running 16902ms or 338 ticks behind
[22:09:25] [Server thread/WARN]: Can't keep up! Is the server overloaded? Running 14429ms or 288 ticks behind
[22:09:54] [Server thread/WARN]: Can't keep up! Is the server overloaded? Running 14138ms or 282 ticks behind
[22:10:24] [Server thread/WARN]: Can't keep up! Is the server overloaded? Running 14626ms or 292 ticks behind
[22:10:36] [Server thread/INFO]: [RichkidRich: Gamerule randomTickSpeed is now set to: 1]
[22:10:46] [Server thread/INFO]: <RichkidRich> aight i have quite a fair bit of sugar cane now
[22:11:12] [Server thread/INFO]: <RichkidRich> 11 stacks
[22:11:52] [Server thread/INFO]: <Necrofreeze> joisus
[22:12:20] [Server thread/INFO]: <Necrofreeze> why is it always raining
[22:12:27] [Server thread/INFO]: [RichkidRich: Set the weather to clear]
[22:12:29] [Server thread/INFO]: <RichkidRich> no clue
[22:12:38] [Server thread/INFO]: <Necrofreeze> lol you changed the weather?
[22:12:44] [Server thread/INFO]: <RichkidRich> i didnt set it to rain
[22:12:51] [Server thread/INFO]: <Necrofreeze> I mean the rain just stopped
[22:12:53] [Server thread/INFO]: <Necrofreeze> as soon as I said that
[22:12:56] [Server thread/INFO]: <RichkidRich> it just happpened to always be raining which was annoying
[22:13:03] [Server thread/INFO]: <RichkidRich> oh yeah i changed it just now
[22:13:06] [Server thread/INFO]: <RichkidRich> to clear
[22:13:11] [Server thread/INFO]: <Necrofreeze> ah yeah
[22:13:35] [Server thread/INFO]: <RichkidRich> i cant make books without leather
[22:13:41] [Server thread/INFO]: <Necrofreeze> we have 6
[22:13:50] [Server thread/INFO]: <RichkidRich> where?
[22:13:51] [Server thread/INFO]: <Necrofreeze> might need to slaughter a few more cows
[22:14:04] [Server thread/INFO]: <RichkidRich> need to slaughter a lot more cows haha
[22:15:04] [Server thread/INFO]: <RichkidRich> sleep or?
[22:15:11] [Server thread/INFO]: <Necrofreeze> I wanna get a disc
[22:15:30] [Server thread/INFO]: <Necrofreeze> hit a creeper twice
[22:15:36] [Server thread/INFO]: <Necrofreeze> and then wait for the skelly to shoot
[22:17:05] [Server thread/INFO]: <RichkidRich> ill lead some skelly
[22:17:14] [Server thread/WARN]: Can't keep up! Is the server overloaded? Running 2798ms or 55 ticks behind
[22:17:39] [Server thread/INFO]: <Necrofreeze> wtf
[22:17:51] [Server thread/INFO]: <Necrofreeze> my swqord broke
[22:18:24] [Server thread/INFO]: RichkidRich was blown up by Creeper
[22:18:27] [Server thread/INFO]: <Necrofreeze> lmao
[22:18:37] [Server thread/INFO]: <Necrofreeze> fuck
[22:19:05] [Server thread/INFO]: Necrofreeze was blown up by Creeper
[22:19:08] [Server thread/INFO]: <Necrofreeze> wtfff
[22:19:22] [Server thread/WARN]: Fetching packet for removed entity atx['Sand'/26104, l='world', x=276.89, y=65.00, z=-93.54]
[22:19:22] [Server thread/WARN]: Fetching packet for removed entity atx['Arrow'/26087, l='world', x=276.38, y=67.00, z=-94.79]
[22:20:44] [Server thread/INFO]: RichkidRich has made the advancement [Take Aim]
[22:22:07] [Server thread/INFO]: <Necrofreeze> got 2 lmao
[22:22:10] [Server thread/INFO]: RichkidRich was shot by Skeleton
[22:22:13] [Server thread/INFO]: <Necrofreeze> xD
[22:22:17] [Server thread/WARN]: Can't keep up! Is the server overloaded? Running 2588ms or 51 ticks behind
[22:22:36] [Server thread/INFO]: <RichkidRich> FUCKIN BABY ZOMBIE
[22:22:42] [Server thread/INFO]: <RichkidRich> took me to one heart lol
[22:22:47] [Server thread/INFO]: <RichkidRich> i killed it before
[22:22:51] [Server thread/INFO]: <RichkidRich> but then the skeleton killed me
[22:22:53] [Server thread/INFO]: <Necrofreeze> hahaha
[22:24:10] [Server thread/INFO]: <Necrofreeze> wtffffffff
[22:25:47] [Server thread/INFO]: <Necrofreeze> change weather
[22:25:50] [Server thread/INFO]: [RichkidRich: Set the weather to clear]
[22:27:19] [Server thread/WARN]: Can't keep up! Is the server overloaded? Running 2098ms or 41 ticks behind
[22:28:06] [Server thread/INFO]: [RichkidRich: Set own game mode to Spectator Mode]
[22:28:39] [Server thread/INFO]: <Necrofreeze> mate I think Im gonna call it a day right here
[22:28:45] [Server thread/INFO]: [RichkidRich: Set own game mode to Survival Mode]
[22:28:58] [Server thread/INFO]: <RichkidRich> aight one sec
[22:29:02] [Server thread/INFO]: <RichkidRich> i need to teleport back to you
[22:29:40] [Server thread/INFO]: [RichkidRich: Set own game mode to Spectator Mode]
[22:29:49] [Server thread/INFO]: <RichkidRich> i need to teleport back to you
[22:29:51] [Server thread/INFO]: <Necrofreeze> ok
[22:29:52] [Server thread/INFO]: [RichkidRich: Set own game mode to Survival Mode]
[22:29:59] [Server thread/INFO]: <Necrofreeze> go for it
[22:30:06] [Server thread/INFO]: [RichkidRich: Teleported RichkidRich to Necrofreeze]
[22:30:06] [Server thread/WARN]: RichkidRich moved too quickly! 15.60586372697577,57.0,-12.521076993271734
[22:30:12] [Server thread/INFO]: <RichkidRich> found a mine haha
[22:30:26] [Server thread/INFO]: <RichkidRich> like those wooden ones
[22:30:33] [Server thread/INFO]: <Necrofreeze> oh damn
[22:30:36] [Server thread/INFO]: <Necrofreeze> abandoned mine
[22:30:36] [Server thread/INFO]: <RichkidRich> its here
[22:31:26] [Server thread/INFO]: <RichkidRich> need torches haha
[22:31:33] [Server thread/INFO]: <RichkidRich> ty
[22:31:39] [Server thread/INFO]: <Necrofreeze> joisus
[22:31:43] [Server thread/INFO]: <Necrofreeze> there are poisonous spiders here
[22:31:50] [Server thread/INFO]: <RichkidRich> yeah ik
[22:32:07] [Server thread/INFO]: <Necrofreeze> find the spawner
[22:32:21] [Server thread/WARN]: Can't keep up! Is the server overloaded? Running 2310ms or 46 ticks behind
[22:32:21] [Server thread/WARN]: Necrofreeze moved wrongly!
[22:32:48] [Server thread/INFO]: <Necrofreeze> found it
[22:32:58] [Server thread/INFO]: <RichkidRich> found
[22:33:01] [Server thread/INFO]: <RichkidRich> what
[22:33:09] [Server thread/INFO]: <RichkidRich> theres one here
[22:33:13] [Server thread/INFO]: <RichkidRich> i dontr have a sword though
[22:33:25] [Server thread/INFO]: <RichkidRich> cpme
[22:33:44] [Server thread/INFO]: <Necrofreeze> oh thats the same one
[22:33:46] [Server thread/INFO]: <Necrofreeze> i just disabled it
[22:33:47] [Server thread/INFO]: <RichkidRich> oh hahahaha
[22:34:01] [Server thread/INFO]: <Necrofreeze> two golden apples
[22:34:04] [Server thread/INFO]: <Necrofreeze> and another music dic
[22:34:05] [Server thread/INFO]: <Necrofreeze> disc
[22:34:11] [Server thread/INFO]: <RichkidRich> same
[22:35:48] [Server thread/INFO]: <RichkidRich> skelly coming
[22:37:24] [Server thread/WARN]: Can't keep up! Is the server overloaded? Running 2463ms or 49 ticks behind
[22:37:26] [Server thread/INFO]: <RichkidRich> obsidian
[22:37:31] [Server thread/INFO]: <Necrofreeze> yeah
[22:37:34] [Server thread/INFO]: <RichkidRich> diamond pickaxe is upstairs haha
[22:37:37] [Server thread/INFO]: <Necrofreeze> shit
[22:37:38] [Server thread/INFO]: <RichkidRich> wait wait
[22:37:40] [Server thread/INFO]: <RichkidRich> hold my stuff
[22:37:43] [Server thread/INFO]: <RichkidRich> stay heere
[22:37:59] [Server thread/INFO]: <Necrofreeze> you gotta tp back?
[22:38:13] [Server thread/INFO]: RichkidRich fell out of the world
[22:38:13] [Server thread/INFO]: [RichkidRich: Killed RichkidRich]
[22:38:17] [Server thread/INFO]: <Necrofreeze> lmao
[22:38:24] [Server thread/INFO]: <Necrofreeze> cheating bastard
[22:38:32] [Server thread/INFO]: <RichkidRich> i mean i could also jump in the lava
[22:38:34] [Server thread/INFO]: <RichkidRich> same thing
[22:38:37] [Server thread/INFO]: [RichkidRich: Teleported RichkidRich to Necrofreeze]
[22:39:18] [Server thread/INFO]: <Necrofreeze> lmaoooo
[22:39:18] [Server thread/INFO]: <RichkidRich> FUCK
[22:39:21] [Server thread/INFO]: <Necrofreeze> knew that was gonna happen
[22:40:01] [Server thread/INFO]: <Necrofreeze> shame theres no diamonds here
[22:40:05] [Server thread/INFO]: RichkidRich has made the advancement [Ice Bucket Challenge]
[22:40:18] [Server thread/INFO]: <RichkidRich> indeed a shame
[22:40:22] [Server thread/INFO]: <RichkidRich> i mean the rest of the stronghold might
[22:40:33] [Server thread/INFO]: <RichkidRich> idk if i can be bothered to explore it all rn though haha
[22:40:40] [Server thread/INFO]: <RichkidRich> do i get all this obsidian
[22:41:48] [Server thread/INFO]: <RichkidRich> lets go
[22:42:02] [Server thread/INFO]: <Necrofreeze> you have enough?
[22:42:08] [Server thread/INFO]: <RichkidRich> 5?
[22:42:14] [Server thread/INFO]: <Necrofreeze> do you wanna get more for the portal?
[22:42:25] [Server thread/INFO]: <RichkidRich> do you have the bucket
[22:43:02] [Server thread/INFO]: RichkidRich has made the advancement [Hot Stuff]
[22:43:11] [Server thread/INFO]: <RichkidRich> do you have e more buckets on you
[22:43:14] [Server thread/INFO]: <RichkidRich> or can you make 3 more
[22:43:28] [Server thread/INFO]: <Necrofreeze> ummm
[22:43:37] [Server thread/INFO]: <Necrofreeze> I can smelt some rn if you want
[22:43:42] [Server thread/INFO]: <Necrofreeze> smelt some iron
[22:43:44] [Server thread/INFO]: <RichkidRich> cause we can bring it up
[22:43:46] [Server thread/INFO]: <RichkidRich> the lava
[22:43:50] [Server thread/INFO]: <RichkidRich> and make more right
[22:43:58] [Server thread/INFO]: <Necrofreeze> I don't have a crafting table
[22:43:59] [Server thread/INFO]: <Necrofreeze> and no wood
[22:44:10] [Server thread/INFO]: <RichkidRich> shite me neither haha
[22:46:24] [Server thread/INFO]: <Necrofreeze> theres more this way
[22:46:40] [Server thread/INFO]: <Necrofreeze> oi
[22:47:27] [Server thread/WARN]: Can't keep up! Is the server overloaded? Running 3150ms or 63 ticks behind
[22:47:52] [Server thread/INFO]: <RichkidRich> was that an enderman
[22:47:54] [Server thread/INFO]: <Necrofreeze> yea
[22:47:58] [Server thread/INFO]: <Necrofreeze> kill him
[22:48:03] [Server thread/INFO]: <Necrofreeze> right there
[22:48:07] [Server thread/INFO]: <RichkidRich> i only hear
[22:48:10] [Server thread/INFO]: <RichkidRich> i dont see
[22:48:14] [Server thread/INFO]: <Necrofreeze> come up
[22:48:21] [Server thread/INFO]: <RichkidRich> oh i see
[22:48:29] [Server thread/INFO]: <RichkidRich> how do we kill it again
[22:48:33] [Server thread/INFO]: <Necrofreeze> stare at its feet
[22:48:35] [Server thread/INFO]: <Necrofreeze> and hit it
[22:48:47] [Server thread/INFO]: <Necrofreeze> shit
[22:48:49] [Server thread/INFO]: <Necrofreeze> half a heart
[22:49:01] [Server thread/INFO]: RichkidRich was slain by Enderman
[22:49:06] [Server thread/INFO]: <Necrofreeze> lmao
[22:49:08] [Server thread/INFO]: <RichkidRich> nice
[22:49:11] [Server thread/INFO]: <RichkidRich> that did fuck all
[22:49:12] [Server thread/INFO]: <Necrofreeze> tp back
[22:49:13] [Server thread/INFO]: <Necrofreeze> hurry
[22:49:13] [Server thread/INFO]: <Necrofreeze> hurry
[22:49:15] [Server thread/INFO]: <Necrofreeze> im dying
[22:49:19] [Server thread/INFO]: [RichkidRich: Teleported RichkidRich to Necrofreeze]
[22:49:19] [Server thread/WARN]: RichkidRich moved too quickly! 1.010338546995456,-42.0000002,73.55330986460395
[22:49:25] [Server thread/INFO]: <RichkidRich> where is it
[22:49:27] [Server thread/INFO]: <Necrofreeze> got attacked by venemous spider
[22:49:37] [Server thread/INFO]: <Necrofreeze> shit
[22:49:39] [Server thread/INFO]: <Necrofreeze> it dropped nothing
[22:50:32] [Server thread/INFO]: <RichkidRich> might call it a day
[22:50:35] [Server thread/INFO]: <RichkidRich> need to shower
[22:50:35] [Server thread/INFO]: <Necrofreeze> yea same
[22:50:45] [Server thread/INFO]: <RichkidRich> aight leave first
[22:50:48] [Server thread/INFO]: <RichkidRich> so i can turn off server
[22:50:51] [Server thread/INFO]: <Necrofreeze> cheerio
[22:50:52] [Server thread/INFO]: Necrofreeze lost connection: Disconnected
[22:50:52] [Server thread/INFO]: Necrofreeze left the game
[22:50:55] [Server thread/INFO]: RichkidRich lost connection: Disconnected
[22:50:55] [Server thread/INFO]: RichkidRich left the game
[22:51:09] [Server thread/INFO]: Stopping the server
[22:51:09] [Server thread/INFO]: Stopping server
[22:51:09] [Server thread/INFO]: Saving players
[22:51:09] [Server thread/INFO]: Saving worlds
[22:51:09] [Server thread/INFO]: Saving chunks for level 'world'/minecraft:the_end
[22:51:09] [Server thread/INFO]: ThreadedAnvilChunkStorage (DIM1): All chunks are saved
[22:51:09] [Server thread/INFO]: Saving chunks for level 'world'/minecraft:overworld
[22:51:11] [Server thread/INFO]: ThreadedAnvilChunkStorage (world): All chunks are saved
[22:51:11] [Server thread/INFO]: Saving chunks for level 'world'/minecraft:the_nether
[22:51:11] [Server thread/INFO]: ThreadedAnvilChunkStorage (DIM-1): All chunks are saved
[22:51:11] [Server thread/INFO]: ThreadedAnvilChunkStorage (DIM1): All chunks are saved
[22:51:11] [Server thread/INFO]: ThreadedAnvilChunkStorage (world): All chunks are saved
[22:51:11] [Server thread/INFO]: ThreadedAnvilChunkStorage (DIM-1): All chunks are saved
